  [1m[35m (1157.0ms)[0m  [1m[35mCREATE DATABASE "Soggyroll_development" ENCODING = 'unicode'[0m
  ↳ bin/rails:9
  [1m[35m (226.3ms)[0m  [1m[35mCREATE DATABASE "Soggyroll_test" ENCODING = 'unicode'[0m
  ↳ bin/rails:9
  [1m[35m (6.5ms)[0m  [1m[35mCREATE DATABASE "Soggyroll_development" ENCODING = 'unicode'[0m
  ↳ bin/rails:9
  [1m[35m (1.2ms)[0m  [1m[35mCREATE DATABASE "Soggyroll_test" ENCODING = 'unicode'[0m
  ↳ bin/rails:9
  [1m[35m (467.4ms)[0m  [1m[35mCREATE TABLE "schema_migrations" ("version" character varying NOT NULL PRIMARY KEY)[0m
  ↳ bin/rails:9
  [1m[35m (182.9ms)[0m  [1m[35mCREATE TABLE "ar_internal_metadata" ("key" character varying NOT NULL PRIMARY KEY, "value" character varying, "created_at" timestamp NOT NULL, "updated_at" timestamp NOT NULL)[0m
  ↳ bin/rails:9
  [1m[35m (9.0ms)[0m  [1m[34mSELECT pg_try_advisory_lock(3772188366581981010)[0m
  ↳ bin/rails:9
  [1m[35m (1.9ms)[0m  [1m[34mSELECT "schema_migrations"."version" FROM "schema_migrations" ORDER BY "schema_migrations"."version" ASC[0m
  ↳ bin/rails:9
Migrating to CreateUsers (20210601191821)
  [1m[35m (46.0ms)[0m  [1m[35mBEGIN[0m
  ↳ bin/rails:9
  [1m[35m (134.6ms)[0m  [1m[35mCREATE TABLE "users" ("id" bigserial primary key, "username" character varying NOT NULL, "password_digest" character varying NOT NULL, "session_token" character varying NOT NULL, "created_at" timestamp NOT NULL, "updated_at" timestamp NOT NULL)[0m
  ↳ db/migrate/20210601191821_create_users.rb:3
  [1m[35m (19.2ms)[0m  [1m[31mROLLBACK[0m
  ↳ bin/rails:9
  [1m[35m (2.5ms)[0m  [1m[34mSELECT pg_advisory_unlock(3772188366581981010)[0m
  ↳ bin/rails:9
  [1m[35m (0.3ms)[0m  [1m[34mSELECT pg_try_advisory_lock(3772188366581981010)[0m
  ↳ bin/rails:9
  [1m[35m (23.5ms)[0m  [1m[34mSELECT "schema_migrations"."version" FROM "schema_migrations" ORDER BY "schema_migrations"."version" ASC[0m
  ↳ bin/rails:9
Migrating to CreateUsers (20210601191821)
  [1m[35m (0.2ms)[0m  [1m[35mBEGIN[0m
  ↳ bin/rails:9
  [1m[35m (72.4ms)[0m  [1m[35mCREATE TABLE "users" ("id" bigserial primary key, "username" character varying NOT NULL, "password_digest" character varying NOT NULL, "session_token" character varying NOT NULL, "created_at" timestamp NOT NULL, "updated_at" timestamp NOT NULL)[0m
  ↳ db/migrate/20210601191821_create_users.rb:3
  [1m[35m (12.5ms)[0m  [1m[35mCREATE UNIQUE INDEX  "index_users_on_username" ON "users"  ("username")[0m
  ↳ db/migrate/20210601191821_create_users.rb:9
  [1m[35m (3.6ms)[0m  [1m[35mCREATE UNIQUE INDEX  "index_users_on_session_token" ON "users"  ("session_token")[0m
  ↳ db/migrate/20210601191821_create_users.rb:10
  [1m[36mActiveRecord::SchemaMigration Create (39.4ms)[0m  [1m[32mINSERT INTO "schema_migrations" ("version") VALUES ($1) RETURNING "version"[0m  [["version", "20210601191821"]]
  ↳ bin/rails:9
  [1m[35m (3.1ms)[0m  [1m[35mCOMMIT[0m
  ↳ bin/rails:9
  [1m[36mActiveRecord::InternalMetadata Load (31.2ms)[0m  [1m[34mSELECT  "ar_internal_metadata".* FROM "ar_internal_metadata" WHERE "ar_internal_metadata"."key" = $1 LIMIT $2[0m  [["key", "environment"], ["LIMIT", 1]]
  ↳ bin/rails:9
  [1m[35m (3.8ms)[0m  [1m[35mBEGIN[0m
  ↳ bin/rails:9
  [1m[36mActiveRecord::InternalMetadata Create (3.4ms)[0m  [1m[32mINSERT INTO "ar_internal_metadata" ("key", "value", "created_at", "updated_at") VALUES ($1, $2, $3, $4) RETURNING "key"[0m  [["key", "environment"], ["value", "development"], ["created_at", "2021-06-01 21:08:10.044053"], ["updated_at", "2021-06-01 21:08:10.044053"]]
  ↳ bin/rails:9
  [1m[35m (2.9ms)[0m  [1m[35mCOMMIT[0m
  ↳ bin/rails:9
  [1m[35m (1.4ms)[0m  [1m[34mSELECT pg_advisory_unlock(3772188366581981010)[0m
  ↳ bin/rails:9
  [1m[35m (0.8ms)[0m  [1m[34mSELECT "schema_migrations"."version" FROM "schema_migrations" ORDER BY "schema_migrations"."version" ASC[0m
  ↳ bin/rails:9
  [1m[35m (1.6ms)[0m  [1m[34mSELECT "schema_migrations"."version" FROM "schema_migrations" ORDER BY "schema_migrations"."version" ASC[0m
  ↳ bin/rails:9
  [1m[35m (2.5ms)[0m  [1m[34mSELECT "schema_migrations"."version" FROM "schema_migrations" ORDER BY "schema_migrations"."version" ASC[0m
  ↳ /Users/masonsaia/.rbenv/versions/2.5.1/bin/annotate:23
  [1m[35m (3.2ms)[0m  [1m[34mSELECT "schema_migrations"."version" FROM "schema_migrations" ORDER BY "schema_migrations"."version" ASC[0m
  ↳ bin/rails:9
  [1m[35m (0.5ms)[0m  [1m[34mSELECT "schema_migrations"."version" FROM "schema_migrations" ORDER BY "schema_migrations"."version" ASC[0m
  ↳ bin/rails:9
  [1m[35m (0.4ms)[0m  [1m[34mSELECT "schema_migrations"."version" FROM "schema_migrations" ORDER BY "schema_migrations"."version" ASC[0m
  ↳ bin/rails:9
  [1m[35m (0.3ms)[0m  [1m[34mSELECT pg_try_advisory_lock(3772188366581981010)[0m
  ↳ bin/rails:9
  [1m[35m (0.3ms)[0m  [1m[34mSELECT "schema_migrations"."version" FROM "schema_migrations" ORDER BY "schema_migrations"."version" ASC[0m
  ↳ bin/rails:9
Migrating to CreateUsers (20210601191821)
  [1m[35m (0.2ms)[0m  [1m[35mBEGIN[0m
  ↳ bin/rails:9
  [1m[35m (14.5ms)[0m  [1m[35mDROP INDEX  "index_users_on_session_token"[0m
  ↳ bin/rails:9
  [1m[35m (0.4ms)[0m  [1m[35mDROP INDEX  "index_users_on_username"[0m
  ↳ bin/rails:9
  [1m[35m (40.9ms)[0m  [1m[35mDROP TABLE "users"[0m
  ↳ bin/rails:9
  [1m[36mActiveRecord::SchemaMigration Destroy (98.3ms)[0m  [1m[31mDELETE FROM "schema_migrations" WHERE "schema_migrations"."version" = $1[0m  [["version", "20210601191821"]]
  ↳ bin/rails:9
  [1m[35m (15.6ms)[0m  [1m[35mCOMMIT[0m
  ↳ bin/rails:9
  [1m[35m (0.5ms)[0m  [1m[34mSELECT pg_advisory_unlock(3772188366581981010)[0m
  ↳ bin/rails:9
  [1m[35m (0.4ms)[0m  [1m[34mSELECT "schema_migrations"."version" FROM "schema_migrations" ORDER BY "schema_migrations"."version" ASC[0m
  ↳ bin/rails:9
  [1m[35m (1.4ms)[0m  [1m[34mSELECT "schema_migrations"."version" FROM "schema_migrations" ORDER BY "schema_migrations"."version" ASC[0m
  ↳ bin/rails:9
  [1m[35m (0.4ms)[0m  [1m[34mSELECT pg_try_advisory_lock(3772188366581981010)[0m
  ↳ bin/rails:9
  [1m[35m (5.8ms)[0m  [1m[34mSELECT "schema_migrations"."version" FROM "schema_migrations" ORDER BY "schema_migrations"."version" ASC[0m
  ↳ bin/rails:9
Migrating to CreateUsers (20210601191821)
  [1m[35m (8.6ms)[0m  [1m[35mBEGIN[0m
  ↳ bin/rails:9
  [1m[35m (161.0ms)[0m  [1m[35mCREATE TABLE "users" ("id" bigserial primary key, "username" character varying NOT NULL, "password_digest" character varying NOT NULL, "session_token" character varying NOT NULL, "created_at" timestamp NOT NULL, "updated_at" timestamp NOT NULL)[0m
  ↳ db/migrate/20210601191821_create_users.rb:3
  [1m[35m (13.8ms)[0m  [1m[35mCREATE UNIQUE INDEX  "index_users_on_username" ON "users"  ("username")[0m
  ↳ db/migrate/20210601191821_create_users.rb:9
  [1m[35m (34.9ms)[0m  [1m[35mCREATE UNIQUE INDEX  "index_users_on_session_token" ON "users"  ("session_token")[0m
  ↳ db/migrate/20210601191821_create_users.rb:10
  [1m[36mActiveRecord::SchemaMigration Create (0.7ms)[0m  [1m[32mINSERT INTO "schema_migrations" ("version") VALUES ($1) RETURNING "version"[0m  [["version", "20210601191821"]]
  ↳ bin/rails:9
  [1m[35m (131.5ms)[0m  [1m[35mCOMMIT[0m
  ↳ bin/rails:9
  [1m[36mActiveRecord::InternalMetadata Load (31.3ms)[0m  [1m[34mSELECT  "ar_internal_metadata".* FROM "ar_internal_metadata" WHERE "ar_internal_metadata"."key" = $1 LIMIT $2[0m  [["key", "environment"], ["LIMIT", 1]]
  ↳ bin/rails:9
  [1m[35m (1.1ms)[0m  [1m[35mBEGIN[0m
  ↳ bin/rails:9
  [1m[35m (0.3ms)[0m  [1m[35mCOMMIT[0m
  ↳ bin/rails:9
  [1m[35m (0.4ms)[0m  [1m[34mSELECT pg_advisory_unlock(3772188366581981010)[0m
  ↳ bin/rails:9
  [1m[35m (0.7ms)[0m  [1m[34mSELECT "schema_migrations"."version" FROM "schema_migrations" ORDER BY "schema_migrations"."version" ASC[0m
  ↳ bin/rails:9
  [1m[35m (2.9ms)[0m  [1m[34mSELECT "schema_migrations"."version" FROM "schema_migrations" ORDER BY "schema_migrations"."version" ASC[0m
  ↳ /Users/masonsaia/.rbenv/versions/2.5.1/bin/annotate:23
Started GET "/" for ::1 at 2021-06-01 15:04:56 -0700
  [1m[35m (43.5ms)[0m  [1m[34mSELECT "schema_migrations"."version" FROM "schema_migrations" ORDER BY "schema_migrations"."version" ASC[0m
  ↳ /Users/masonsaia/.rbenv/versions/2.5.1/lib/ruby/gems/2.5.0/gems/activerecord-5.2.6/lib/active_record/log_subscriber.rb:98
Processing by StaticPagesController#root as HTML
  Rendering static_pages/root.html.erb within layouts/application
  Rendered static_pages/root.html.erb within layouts/application (30.1ms)
Started GET "/" for ::1 at 2021-06-01 15:05:05 -0700
Completed 200 OK in 7350ms (Views: 7317.0ms | ActiveRecord: 0.0ms)


Processing by StaticPagesController#root as HTML
  Rendering static_pages/root.html.erb within layouts/application
  Rendered static_pages/root.html.erb within layouts/application (8.4ms)
Completed 200 OK in 123ms (Views: 97.0ms | ActiveRecord: 0.0ms)


Started GET "/" for ::1 at 2021-06-01 15:05:46 -0700
Processing by StaticPagesController#root as HTML
  Rendering static_pages/root.html.erb within layouts/application
  Rendered static_pages/root.html.erb within layouts/application (0.8ms)
Completed 200 OK in 87ms (Views: 79.5ms | ActiveRecord: 0.0ms)


Started GET "/" for ::1 at 2021-06-01 15:07:01 -0700
Processing by StaticPagesController#root as HTML
  Rendering static_pages/root.html.erb within layouts/application
  Rendered static_pages/root.html.erb within layouts/application (728.6ms)
Completed 500 Internal Server Error in 818ms (ActiveRecord: 0.0ms)



NoMethodError - undefined method `logged_in?' for #<#<Class:0x00007fba5b7bfd00>:0x00007fba64834d68>
Did you mean?  logger?:
  app/views/static_pages/root.html.erb:1:in `_app_views_static_pages_root_html_erb__2916900860386803299_70219263486960'

Started POST "/__better_errors/24d3be6230b3865b/variables" for ::1 at 2021-06-01 15:07:05 -0700
Started GET "/" for ::1 at 2021-06-01 15:07:29 -0700
Processing by StaticPagesController#root as HTML
  Rendering static_pages/root.html.erb within layouts/application
  Rendered static_pages/root.html.erb within layouts/application (0.5ms)
Completed 200 OK in 96ms (Views: 75.9ms | ActiveRecord: 0.0ms)


Started GET "/" for ::1 at 2021-06-01 15:07:33 -0700
Processing by StaticPagesController#root as HTML
  Rendering static_pages/root.html.erb within layouts/application
  Rendered static_pages/root.html.erb within layouts/application (1.2ms)
Completed 200 OK in 219ms (Views: 205.8ms | ActiveRecord: 0.0ms)


Started GET "/" for ::1 at 2021-06-01 15:08:15 -0700
Processing by StaticPagesController#root as HTML
  Rendering static_pages/root.html.erb within layouts/application
  Rendered static_pages/root.html.erb within layouts/application (1.2ms)
Completed 200 OK in 376ms (Views: 369.0ms | ActiveRecord: 0.0ms)


Started GET "/" for ::1 at 2021-06-01 15:08:31 -0700
Processing by StaticPagesController#root as HTML
  Rendering static_pages/root.html.erb within layouts/application
  Rendered static_pages/root.html.erb within layouts/application (0.8ms)
Completed 200 OK in 1581ms (Views: 1570.3ms | ActiveRecord: 0.0ms)


Started GET "/" for ::1 at 2021-06-01 16:59:49 -0700
  [1m[35m (5.4ms)[0m  [1m[34mSELECT "schema_migrations"."version" FROM "schema_migrations" ORDER BY "schema_migrations"."version" ASC[0m
  ↳ /Users/masonsaia/.rbenv/versions/2.5.1/lib/ruby/gems/2.5.0/gems/activerecord-5.2.6/lib/active_record/log_subscriber.rb:98
Processing by StaticPagesController#root as HTML
  Rendering static_pages/root.html.erb within layouts/application
  Rendered static_pages/root.html.erb within layouts/application (14.2ms)
Completed 200 OK in 5209ms (Views: 5151.4ms | ActiveRecord: 0.0ms)


Started GET "/" for ::1 at 2021-06-02 09:56:58 -0700
  [1m[35m (14.2ms)[0m  [1m[34mSELECT "schema_migrations"."version" FROM "schema_migrations" ORDER BY "schema_migrations"."version" ASC[0m
  ↳ /Users/masonsaia/.rbenv/versions/2.5.1/lib/ruby/gems/2.5.0/gems/activerecord-5.2.6/lib/active_record/log_subscriber.rb:98
Processing by StaticPagesController#root as HTML
  Rendering static_pages/root.html.erb within layouts/application
  Rendered static_pages/root.html.erb within layouts/application (6.3ms)
Completed 200 OK in 5800ms (Views: 5776.6ms | ActiveRecord: 0.0ms)


Started GET "/" for ::1 at 2021-06-02 10:32:41 -0700
Processing by StaticPagesController#root as HTML
  Rendering static_pages/root.html.erb within layouts/application
  Rendered static_pages/root.html.erb within layouts/application (2.2ms)
Completed 200 OK in 452ms (Views: 442.3ms | ActiveRecord: 0.0ms)


Started GET "/" for ::1 at 2021-06-02 13:42:17 -0700

PG::ConnectionBad - could not connect to server: No such file or directory
	Is the server running locally and accepting
	connections on Unix domain socket "/tmp/.s.PGSQL.5432"?:

Started POST "/__better_errors/958f1b587b3b968e/variables" for ::1 at 2021-06-02 13:42:17 -0700
Started GET "/" for ::1 at 2021-06-02 13:42:43 -0700

PG::ConnectionBad - could not connect to server: No such file or directory
	Is the server running locally and accepting
	connections on Unix domain socket "/tmp/.s.PGSQL.5432"?:

Started POST "/__better_errors/eb716516d4351ab0/variables" for ::1 at 2021-06-02 13:42:44 -0700
Started GET "/" for ::1 at 2021-06-02 13:45:25 -0700

PG::ConnectionBad - could not connect to server: No such file or directory
	Is the server running locally and accepting
	connections on Unix domain socket "/tmp/.s.PGSQL.5432"?:

Started POST "/__better_errors/b29ea7c435c30a38/variables" for ::1 at 2021-06-02 13:45:25 -0700
Started GET "/" for ::1 at 2021-06-02 14:15:40 -0700
  [1m[35m (7.6ms)[0m  [1m[34mSELECT "schema_migrations"."version" FROM "schema_migrations" ORDER BY "schema_migrations"."version" ASC[0m
  ↳ /Users/masonsaia/.rbenv/versions/2.5.1/lib/ruby/gems/2.5.0/gems/activerecord-5.2.6/lib/active_record/log_subscriber.rb:98
Processing by StaticPagesController#root as HTML
  Rendering static_pages/root.html.erb within layouts/application
  Rendered static_pages/root.html.erb within layouts/application (4.2ms)
Completed 200 OK in 4642ms (Views: 4616.3ms | ActiveRecord: 0.0ms)


Started GET "/" for ::1 at 2021-06-02 14:22:01 -0700
Processing by StaticPagesController#root as HTML
  Rendering static_pages/root.html.erb within layouts/application
  Rendered static_pages/root.html.erb within layouts/application (0.5ms)
Completed 200 OK in 2490ms (Views: 2482.2ms | ActiveRecord: 0.0ms)


Started GET "/" for ::1 at 2021-06-02 14:25:21 -0700
Processing by StaticPagesController#root as HTML
  Rendering static_pages/root.html.erb within layouts/application
  Rendered static_pages/root.html.erb within layouts/application (0.9ms)
Completed 200 OK in 2923ms (Views: 2873.1ms | ActiveRecord: 0.0ms)


Started GET "/" for ::1 at 2021-06-02 14:26:14 -0700
Processing by StaticPagesController#root as HTML
  Rendering static_pages/root.html.erb within layouts/application
  Rendered static_pages/root.html.erb within layouts/application (1.9ms)
Completed 200 OK in 1861ms (Views: 1842.1ms | ActiveRecord: 0.0ms)


Started GET "/" for ::1 at 2021-06-02 14:27:13 -0700
Processing by StaticPagesController#root as HTML
  Rendering static_pages/root.html.erb within layouts/application
  Rendered static_pages/root.html.erb within layouts/application (0.5ms)
Completed 200 OK in 2482ms (Views: 2460.4ms | ActiveRecord: 0.0ms)


Started GET "/" for ::1 at 2021-06-02 14:32:16 -0700
Processing by StaticPagesController#root as HTML
  Rendering static_pages/root.html.erb within layouts/application
  Rendered static_pages/root.html.erb within layouts/application (3.3ms)
Completed 200 OK in 1633ms (Views: 1622.6ms | ActiveRecord: 0.0ms)


Started GET "/" for ::1 at 2021-06-02 14:38:26 -0700
Processing by StaticPagesController#root as HTML
  Rendering static_pages/root.html.erb within layouts/application
  Rendered static_pages/root.html.erb within layouts/application (0.5ms)
Completed 200 OK in 2467ms (Views: 2456.7ms | ActiveRecord: 0.0ms)


Started GET "/" for ::1 at 2021-06-02 14:43:22 -0700
Processing by StaticPagesController#root as HTML
  Rendering static_pages/root.html.erb within layouts/application
  Rendered static_pages/root.html.erb within layouts/application (2.1ms)
Completed 200 OK in 2309ms (Views: 2297.4ms | ActiveRecord: 0.0ms)


Started GET "/" for ::1 at 2021-06-02 14:44:22 -0700
Processing by StaticPagesController#root as HTML
  Rendering static_pages/root.html.erb within layouts/application
  Rendered static_pages/root.html.erb within layouts/application (1.3ms)
Completed 200 OK in 96ms (Views: 87.4ms | ActiveRecord: 0.0ms)


Started GET "/" for ::1 at 2021-06-02 14:46:03 -0700
Processing by StaticPagesController#root as HTML
  Rendering static_pages/root.html.erb within layouts/application
  Rendered static_pages/root.html.erb within layouts/application (0.5ms)
Completed 200 OK in 795ms (Views: 770.3ms | ActiveRecord: 0.0ms)


Started GET "/" for ::1 at 2021-06-02 14:46:45 -0700
  [1m[35m (2.2ms)[0m  [1m[34mSELECT "schema_migrations"."version" FROM "schema_migrations" ORDER BY "schema_migrations"."version" ASC[0m
  ↳ /Users/masonsaia/.rbenv/versions/2.5.1/lib/ruby/gems/2.5.0/gems/activerecord-5.2.6/lib/active_record/log_subscriber.rb:98
Processing by StaticPagesController#root as HTML
  Rendering static_pages/root.html.erb within layouts/application
  Rendered static_pages/root.html.erb within layouts/application (9.6ms)
Completed 200 OK in 11928ms (Views: 11880.2ms | ActiveRecord: 0.0ms)


Started GET "/" for ::1 at 2021-06-02 14:48:39 -0700
Processing by StaticPagesController#root as HTML
  Rendering static_pages/root.html.erb within layouts/application
  Rendered static_pages/root.html.erb within layouts/application (0.6ms)
Completed 200 OK in 1651ms (Views: 1633.6ms | ActiveRecord: 0.0ms)


Started GET "/" for ::1 at 2021-06-02 14:49:03 -0700
Processing by StaticPagesController#root as HTML
  Rendering static_pages/root.html.erb within layouts/application
  Rendered static_pages/root.html.erb within layouts/application (0.9ms)
Completed 200 OK in 220ms (Views: 208.1ms | ActiveRecord: 0.0ms)


Started GET "/" for ::1 at 2021-06-02 14:49:18 -0700
Processing by StaticPagesController#root as HTML
  Rendering static_pages/root.html.erb within layouts/application
  Rendered static_pages/root.html.erb within layouts/application (20.0ms)
Completed 200 OK in 1076ms (Views: 1061.2ms | ActiveRecord: 0.0ms)


Started GET "/" for ::1 at 2021-06-02 15:32:53 -0700
Processing by StaticPagesController#root as HTML
  Rendering static_pages/root.html.erb within layouts/application
  Rendered static_pages/root.html.erb within layouts/application (4.3ms)
Completed 200 OK in 742ms (Views: 726.5ms | ActiveRecord: 0.0ms)


Started GET "/" for ::1 at 2021-06-02 15:51:38 -0700
  [1m[35m (4.8ms)[0m  [1m[34mSELECT "schema_migrations"."version" FROM "schema_migrations" ORDER BY "schema_migrations"."version" ASC[0m
  ↳ /Users/masonsaia/.rbenv/versions/2.5.1/lib/ruby/gems/2.5.0/gems/activerecord-5.2.6/lib/active_record/log_subscriber.rb:98
Processing by StaticPagesController#root as HTML
  Rendering static_pages/root.html.erb within layouts/application
  Rendered static_pages/root.html.erb within layouts/application (6.9ms)
Completed 200 OK in 7811ms (Views: 7779.7ms | ActiveRecord: 0.0ms)


Started GET "/" for ::1 at 2021-06-02 15:51:50 -0700
Processing by StaticPagesController#root as HTML
  Rendering static_pages/root.html.erb within layouts/application
  Rendered static_pages/root.html.erb within layouts/application (0.7ms)
Completed 200 OK in 82ms (Views: 70.9ms | ActiveRecord: 0.0ms)


Started GET "/" for ::1 at 2021-06-02 16:06:07 -0700
Processing by StaticPagesController#root as HTML
  Rendering static_pages/root.html.erb within layouts/application
  Rendered static_pages/root.html.erb within layouts/application (2.2ms)
Completed 200 OK in 570ms (Views: 557.0ms | ActiveRecord: 0.0ms)


Started GET "/" for ::1 at 2021-06-02 16:08:54 -0700
Processing by StaticPagesController#root as HTML
  Rendering static_pages/root.html.erb within layouts/application
  Rendered static_pages/root.html.erb within layouts/application (0.5ms)
Completed 200 OK in 504ms (Views: 492.7ms | ActiveRecord: 0.0ms)


Started GET "/" for ::1 at 2021-06-02 16:09:45 -0700
Processing by StaticPagesController#root as HTML
  Rendering static_pages/root.html.erb within layouts/application
  Rendered static_pages/root.html.erb within layouts/application (0.8ms)
Completed 200 OK in 127ms (Views: 117.8ms | ActiveRecord: 0.0ms)


Started GET "/" for ::1 at 2021-06-02 16:10:21 -0700
Processing by StaticPagesController#root as HTML
  Rendering static_pages/root.html.erb within layouts/application
  Rendered static_pages/root.html.erb within layouts/application (0.9ms)
Completed 200 OK in 150ms (Views: 140.1ms | ActiveRecord: 0.0ms)


Started GET "/" for ::1 at 2021-06-02 16:10:44 -0700
Processing by StaticPagesController#root as HTML
  Rendering static_pages/root.html.erb within layouts/application
  Rendered static_pages/root.html.erb within layouts/application (0.6ms)
Completed 200 OK in 113ms (Views: 104.6ms | ActiveRecord: 0.0ms)


Started GET "/login" for ::1 at 2021-06-02 16:12:02 -0700
  
ActionController::RoutingError (No route matches [GET] "/login"):
  
actionpack (5.2.6) lib/action_dispatch/middleware/debug_exceptions.rb:65:in `call'
web-console (3.7.0) lib/web_console/middleware.rb:135:in `call_app'
web-console (3.7.0) lib/web_console/middleware.rb:30:in `block in call'
web-console (3.7.0) lib/web_console/middleware.rb:20:in `catch'
web-console (3.7.0) lib/web_console/middleware.rb:20:in `call'
actionpack (5.2.6) lib/action_dispatch/middleware/show_exceptions.rb:33:in `call'
railties (5.2.6) lib/rails/rack/logger.rb:38:in `call_app'
railties (5.2.6) lib/rails/rack/logger.rb:26:in `block in call'
activesupport (5.2.6) lib/active_support/tagged_logging.rb:71:in `block in tagged'
activesupport (5.2.6) lib/active_support/tagged_logging.rb:28:in `tagged'
activesupport (5.2.6) lib/active_support/tagged_logging.rb:71:in `tagged'
railties (5.2.6) lib/rails/rack/logger.rb:26:in `call'
sprockets-rails (3.2.2) lib/sprockets/rails/quiet_assets.rb:13:in `call'
actionpack (5.2.6) lib/action_dispatch/middleware/remote_ip.rb:81:in `call'
actionpack (5.2.6) lib/action_dispatch/middleware/request_id.rb:27:in `call'
rack (2.2.3) lib/rack/method_override.rb:24:in `call'
rack (2.2.3) lib/rack/runtime.rb:22:in `call'
activesupport (5.2.6) lib/active_support/cache/strategy/local_cache_middleware.rb:29:in `call'
actionpack (5.2.6) lib/action_dispatch/middleware/executor.rb:14:in `call'
actionpack (5.2.6) lib/action_dispatch/middleware/static.rb:127:in `call'
rack (2.2.3) lib/rack/sendfile.rb:110:in `call'
railties (5.2.6) lib/rails/engine.rb:524:in `call'
puma (3.12.6) lib/puma/configuration.rb:227:in `call'
puma (3.12.6) lib/puma/server.rb:706:in `handle_request'
puma (3.12.6) lib/puma/server.rb:476:in `process_client'
puma (3.12.6) lib/puma/server.rb:334:in `block in run'
puma (3.12.6) lib/puma/thread_pool.rb:135:in `block in spawn_thread'
Started GET "/login" for ::1 at 2021-06-02 16:12:07 -0700
  
ActionController::RoutingError (No route matches [GET] "/login"):
  
actionpack (5.2.6) lib/action_dispatch/middleware/debug_exceptions.rb:65:in `call'
web-console (3.7.0) lib/web_console/middleware.rb:135:in `call_app'
web-console (3.7.0) lib/web_console/middleware.rb:30:in `block in call'
web-console (3.7.0) lib/web_console/middleware.rb:20:in `catch'
web-console (3.7.0) lib/web_console/middleware.rb:20:in `call'
actionpack (5.2.6) lib/action_dispatch/middleware/show_exceptions.rb:33:in `call'
railties (5.2.6) lib/rails/rack/logger.rb:38:in `call_app'
railties (5.2.6) lib/rails/rack/logger.rb:26:in `block in call'
activesupport (5.2.6) lib/active_support/tagged_logging.rb:71:in `block in tagged'
activesupport (5.2.6) lib/active_support/tagged_logging.rb:28:in `tagged'
activesupport (5.2.6) lib/active_support/tagged_logging.rb:71:in `tagged'
railties (5.2.6) lib/rails/rack/logger.rb:26:in `call'
sprockets-rails (3.2.2) lib/sprockets/rails/quiet_assets.rb:13:in `call'
actionpack (5.2.6) lib/action_dispatch/middleware/remote_ip.rb:81:in `call'
actionpack (5.2.6) lib/action_dispatch/middleware/request_id.rb:27:in `call'
rack (2.2.3) lib/rack/method_override.rb:24:in `call'
rack (2.2.3) lib/rack/runtime.rb:22:in `call'
activesupport (5.2.6) lib/active_support/cache/strategy/local_cache_middleware.rb:29:in `call'
actionpack (5.2.6) lib/action_dispatch/middleware/executor.rb:14:in `call'
actionpack (5.2.6) lib/action_dispatch/middleware/static.rb:127:in `call'
rack (2.2.3) lib/rack/sendfile.rb:110:in `call'
railties (5.2.6) lib/rails/engine.rb:524:in `call'
puma (3.12.6) lib/puma/configuration.rb:227:in `call'
puma (3.12.6) lib/puma/server.rb:706:in `handle_request'
puma (3.12.6) lib/puma/server.rb:476:in `process_client'
puma (3.12.6) lib/puma/server.rb:334:in `block in run'
puma (3.12.6) lib/puma/thread_pool.rb:135:in `block in spawn_thread'
Started GET "/" for ::1 at 2021-06-02 16:12:11 -0700
Processing by StaticPagesController#root as HTML
  Rendering static_pages/root.html.erb within layouts/application
  Rendered static_pages/root.html.erb within layouts/application (0.8ms)
Completed 200 OK in 132ms (Views: 113.9ms | ActiveRecord: 0.0ms)


Started GET "/" for ::1 at 2021-06-02 16:14:22 -0700
Processing by StaticPagesController#root as HTML
  Rendering static_pages/root.html.erb within layouts/application
  Rendered static_pages/root.html.erb within layouts/application (0.9ms)
Completed 200 OK in 241ms (Views: 232.3ms | ActiveRecord: 0.0ms)


Started GET "/" for ::1 at 2021-06-02 16:15:00 -0700
Processing by StaticPagesController#root as HTML
  Rendering static_pages/root.html.erb within layouts/application
  Rendered static_pages/root.html.erb within layouts/application (0.7ms)
Completed 200 OK in 2520ms (Views: 2494.1ms | ActiveRecord: 0.0ms)


Started GET "/" for ::1 at 2021-06-02 16:16:21 -0700
Processing by StaticPagesController#root as HTML
  Rendering static_pages/root.html.erb within layouts/application
  Rendered static_pages/root.html.erb within layouts/application (0.9ms)
Completed 200 OK in 388ms (Views: 379.4ms | ActiveRecord: 0.0ms)


Started GET "/" for ::1 at 2021-06-02 16:17:00 -0700
Processing by StaticPagesController#root as HTML
  Rendering static_pages/root.html.erb within layouts/application
  Rendered static_pages/root.html.erb within layouts/application (2.1ms)
Completed 200 OK in 931ms (Views: 908.5ms | ActiveRecord: 0.0ms)


Started GET "/" for ::1 at 2021-06-02 16:18:04 -0700
Processing by StaticPagesController#root as HTML
  Rendering static_pages/root.html.erb within layouts/application
  Rendered static_pages/root.html.erb within layouts/application (1.4ms)
Completed 200 OK in 102ms (Views: 91.2ms | ActiveRecord: 0.0ms)


Started GET "/" for ::1 at 2021-06-02 16:18:36 -0700
Processing by StaticPagesController#root as HTML
  Rendering static_pages/root.html.erb within layouts/application
  Rendered static_pages/root.html.erb within layouts/application (0.9ms)
Completed 200 OK in 178ms (Views: 168.1ms | ActiveRecord: 0.0ms)


Started GET "/" for ::1 at 2021-06-02 16:37:25 -0700
  [1m[35m (4.2ms)[0m  [1m[34mSELECT "schema_migrations"."version" FROM "schema_migrations" ORDER BY "schema_migrations"."version" ASC[0m
  ↳ /Users/masonsaia/.rbenv/versions/2.5.1/lib/ruby/gems/2.5.0/gems/activerecord-5.2.6/lib/active_record/log_subscriber.rb:98
Processing by StaticPagesController#root as HTML
  Rendering static_pages/root.html.erb within layouts/application
  Rendered static_pages/root.html.erb within layouts/application (4.4ms)
Completed 200 OK in 5556ms (Views: 5523.3ms | ActiveRecord: 0.0ms)


Started GET "/" for ::1 at 2021-06-02 16:37:48 -0700
Processing by StaticPagesController#root as HTML
  Rendering static_pages/root.html.erb within layouts/application
  Rendered static_pages/root.html.erb within layouts/application (0.7ms)
Completed 200 OK in 100ms (Views: 87.5ms | ActiveRecord: 0.0ms)


Started GET "/" for ::1 at 2021-06-02 16:38:13 -0700
Processing by StaticPagesController#root as HTML
  Rendering static_pages/root.html.erb within layouts/application
  Rendered static_pages/root.html.erb within layouts/application (1.5ms)
Completed 200 OK in 113ms (Views: 100.5ms | ActiveRecord: 0.0ms)


Started GET "/" for ::1 at 2021-06-02 16:40:31 -0700
Processing by StaticPagesController#root as HTML
  Rendering static_pages/root.html.erb within layouts/application
  Rendered static_pages/root.html.erb within layouts/application (0.5ms)
Completed 200 OK in 3400ms (Views: 3366.5ms | ActiveRecord: 0.0ms)


Started GET "/" for ::1 at 2021-06-02 16:43:11 -0700
Processing by StaticPagesController#root as HTML
  Rendering static_pages/root.html.erb within layouts/application
  Rendered static_pages/root.html.erb within layouts/application (0.7ms)
Completed 200 OK in 1247ms (Views: 1234.3ms | ActiveRecord: 0.0ms)


Started GET "/" for ::1 at 2021-06-02 16:43:42 -0700
Processing by StaticPagesController#root as HTML
  Rendering static_pages/root.html.erb within layouts/application
  Rendered static_pages/root.html.erb within layouts/application (0.9ms)
Completed 200 OK in 271ms (Views: 258.3ms | ActiveRecord: 0.0ms)


Started GET "/" for ::1 at 2021-06-02 16:44:07 -0700
Processing by StaticPagesController#root as HTML
  Rendering static_pages/root.html.erb within layouts/application
  Rendered static_pages/root.html.erb within layouts/application (0.5ms)
Completed 200 OK in 473ms (Views: 465.5ms | ActiveRecord: 0.0ms)


Started GET "/" for ::1 at 2021-06-02 16:44:46 -0700
Processing by StaticPagesController#root as HTML
  Rendering static_pages/root.html.erb within layouts/application
  Rendered static_pages/root.html.erb within layouts/application (0.6ms)
Completed 200 OK in 131ms (Views: 124.8ms | ActiveRecord: 0.0ms)


Started GET "/" for ::1 at 2021-06-02 16:50:03 -0700
  [1m[35m (3.7ms)[0m  [1m[34mSELECT "schema_migrations"."version" FROM "schema_migrations" ORDER BY "schema_migrations"."version" ASC[0m
  ↳ /Users/masonsaia/.rbenv/versions/2.5.1/lib/ruby/gems/2.5.0/gems/activerecord-5.2.6/lib/active_record/log_subscriber.rb:98
Processing by StaticPagesController#root as HTML
  Rendering static_pages/root.html.erb within layouts/application
  Rendered static_pages/root.html.erb within layouts/application (3.7ms)
Completed 200 OK in 3454ms (Views: 3435.5ms | ActiveRecord: 0.0ms)


Started GET "/" for ::1 at 2021-06-02 16:50:15 -0700
Processing by StaticPagesController#root as HTML
  Rendering static_pages/root.html.erb within layouts/application
  Rendered static_pages/root.html.erb within layouts/application (4.2ms)
Completed 200 OK in 99ms (Views: 85.0ms | ActiveRecord: 0.0ms)


Started GET "/" for ::1 at 2021-06-02 16:53:10 -0700
Processing by StaticPagesController#root as HTML
  Rendering static_pages/root.html.erb within layouts/application
  Rendered static_pages/root.html.erb within layouts/application (0.6ms)
Completed 200 OK in 1096ms (Views: 1087.4ms | ActiveRecord: 0.0ms)


Started GET "/" for ::1 at 2021-06-02 16:55:32 -0700
Processing by StaticPagesController#root as HTML
  Rendering static_pages/root.html.erb within layouts/application
  Rendered static_pages/root.html.erb within layouts/application (0.4ms)
Completed 200 OK in 1359ms (Views: 1345.4ms | ActiveRecord: 0.0ms)


Started GET "/" for ::1 at 2021-06-02 16:59:28 -0700
Processing by StaticPagesController#root as HTML
  Rendering static_pages/root.html.erb within layouts/application
  Rendered static_pages/root.html.erb within layouts/application (1.6ms)
Completed 200 OK in 1812ms (Views: 1800.9ms | ActiveRecord: 0.0ms)


Started GET "/" for ::1 at 2021-06-02 16:59:41 -0700
Processing by StaticPagesController#root as HTML
  Rendering static_pages/root.html.erb within layouts/application
  Rendered static_pages/root.html.erb within layouts/application (0.8ms)
Completed 200 OK in 1407ms (Views: 1399.6ms | ActiveRecord: 0.0ms)


Started GET "/" for ::1 at 2021-06-02 17:00:25 -0700
Processing by StaticPagesController#root as HTML
  Rendering static_pages/root.html.erb within layouts/application
  Rendered static_pages/root.html.erb within layouts/application (0.6ms)
Completed 200 OK in 1494ms (Views: 1484.2ms | ActiveRecord: 0.0ms)


Started GET "/" for ::1 at 2021-06-02 17:01:14 -0700
Processing by StaticPagesController#root as HTML
  Rendering static_pages/root.html.erb within layouts/application
  Rendered static_pages/root.html.erb within layouts/application (1.4ms)
Completed 200 OK in 1160ms (Views: 1144.1ms | ActiveRecord: 0.0ms)


Started GET "/" for ::1 at 2021-06-02 17:03:49 -0700
Processing by StaticPagesController#root as HTML
  Rendering static_pages/root.html.erb within layouts/application
  Rendered static_pages/root.html.erb within layouts/application (0.5ms)
Completed 200 OK in 574ms (Views: 570.7ms | ActiveRecord: 0.0ms)


Started PUT "/__web_console/repl_sessions/1641390c83bbf9f6ccdebbca5c8b07d0" for ::1 at 2021-06-02 17:06:21 -0700
Started PUT "/__web_console/repl_sessions/1641390c83bbf9f6ccdebbca5c8b07d0" for ::1 at 2021-06-02 17:06:26 -0700
Started PUT "/__web_console/repl_sessions/1641390c83bbf9f6ccdebbca5c8b07d0" for ::1 at 2021-06-02 17:06:27 -0700
Started PUT "/__web_console/repl_sessions/1641390c83bbf9f6ccdebbca5c8b07d0" for ::1 at 2021-06-02 17:06:37 -0700
Started PUT "/__web_console/repl_sessions/1641390c83bbf9f6ccdebbca5c8b07d0" for ::1 at 2021-06-02 17:06:37 -0700
Started GET "/" for ::1 at 2021-06-02 17:18:04 -0700
Processing by StaticPagesController#root as HTML
  Rendering static_pages/root.html.erb within layouts/application
  Rendered static_pages/root.html.erb within layouts/application (1.4ms)
Completed 200 OK in 1718ms (Views: 1708.4ms | ActiveRecord: 0.0ms)


Started GET "/" for ::1 at 2021-06-02 17:19:50 -0700
Processing by StaticPagesController#root as HTML
  Rendering static_pages/root.html.erb within layouts/application
  Rendered static_pages/root.html.erb within layouts/application (0.7ms)
Completed 200 OK in 472ms (Views: 465.1ms | ActiveRecord: 0.0ms)


Started GET "/" for ::1 at 2021-06-02 17:20:19 -0700
Processing by StaticPagesController#root as HTML
  Rendering static_pages/root.html.erb within layouts/application
  Rendered static_pages/root.html.erb within layouts/application (0.6ms)
Completed 200 OK in 1488ms (Views: 1482.2ms | ActiveRecord: 0.0ms)


Started GET "/" for ::1 at 2021-06-02 17:22:55 -0700
Processing by StaticPagesController#root as HTML
  Rendering static_pages/root.html.erb within layouts/application
  Rendered static_pages/root.html.erb within layouts/application (1.0ms)
Completed 200 OK in 99ms (Views: 87.8ms | ActiveRecord: 0.0ms)


Started GET "/" for ::1 at 2021-06-02 17:23:11 -0700
Processing by StaticPagesController#root as HTML
  Rendering static_pages/root.html.erb within layouts/application
  Rendered static_pages/root.html.erb within layouts/application (1.5ms)
Completed 200 OK in 143ms (Views: 112.7ms | ActiveRecord: 0.0ms)


Started GET "/" for ::1 at 2021-06-02 17:24:22 -0700
Processing by StaticPagesController#root as HTML
  Rendering static_pages/root.html.erb within layouts/application
  Rendered static_pages/root.html.erb within layouts/application (1.0ms)
Completed 200 OK in 519ms (Views: 505.2ms | ActiveRecord: 0.0ms)


Started GET "/" for ::1 at 2021-06-02 17:26:34 -0700
Processing by StaticPagesController#root as HTML
  Rendering static_pages/root.html.erb within layouts/application
  Rendered static_pages/root.html.erb within layouts/application (0.7ms)
Completed 200 OK in 315ms (Views: 307.0ms | ActiveRecord: 0.0ms)


Started GET "/" for ::1 at 2021-06-02 17:27:47 -0700
Processing by StaticPagesController#root as HTML
  Rendering static_pages/root.html.erb within layouts/application
  Rendered static_pages/root.html.erb within layouts/application (0.4ms)
Completed 200 OK in 840ms (Views: 831.6ms | ActiveRecord: 0.0ms)


Started GET "/" for ::1 at 2021-06-02 17:30:31 -0700
Processing by StaticPagesController#root as HTML
  Rendering static_pages/root.html.erb within layouts/application
  Rendered static_pages/root.html.erb within layouts/application (3.1ms)
Completed 200 OK in 593ms (Views: 576.5ms | ActiveRecord: 0.0ms)


Started GET "/" for ::1 at 2021-06-02 17:31:33 -0700
Processing by StaticPagesController#root as HTML
  Rendering static_pages/root.html.erb within layouts/application
  Rendered static_pages/root.html.erb within layouts/application (0.6ms)
Completed 200 OK in 590ms (Views: 582.4ms | ActiveRecord: 0.0ms)


Started GET "/" for ::1 at 2021-06-02 17:32:46 -0700
Processing by StaticPagesController#root as HTML
  Rendering static_pages/root.html.erb within layouts/application
  Rendered static_pages/root.html.erb within layouts/application (0.4ms)
Completed 200 OK in 105ms (Views: 92.6ms | ActiveRecord: 0.0ms)


Started GET "/" for ::1 at 2021-06-02 23:43:35 -0700
Processing by StaticPagesController#root as HTML
  Rendering static_pages/root.html.erb within layouts/application
  Rendered static_pages/root.html.erb within layouts/application (1.3ms)
Completed 200 OK in 98ms (Views: 88.2ms | ActiveRecord: 0.0ms)


Started GET "/" for ::1 at 2021-06-02 23:51:21 -0700
Processing by StaticPagesController#root as HTML
  Rendering static_pages/root.html.erb within layouts/application
  Rendered static_pages/root.html.erb within layouts/application (0.4ms)
Completed 500 Internal Server Error in 124ms (ActiveRecord: 0.0ms)



Sass::SyntaxError - File to import not found or unreadable: /reset.
Load paths:
  /Users/masonsaia/Desktop/Soggyroll/app/assets/config
  /Users/masonsaia/Desktop/Soggyroll/app/assets/images
  /Users/masonsaia/Desktop/Soggyroll/app/assets/javascripts
  /Users/masonsaia/Desktop/Soggyroll/app/assets/stylesheets
  /Users/masonsaia/.rbenv/versions/2.5.1/lib/ruby/gems/2.5.0/gems/jquery-rails-4.4.0/vendor/assets/javascripts
  /Users/masonsaia/.rbenv/versions/2.5.1/lib/ruby/gems/2.5.0/gems/coffee-rails-4.2.2/lib/assets/javascripts
  /Users/masonsaia/.rbenv/versions/2.5.1/lib/ruby/gems/2.5.0/gems/actioncable-5.2.6/lib/assets/compiled
  /Users/masonsaia/.rbenv/versions/2.5.1/lib/ruby/gems/2.5.0/gems/activestorage-5.2.6/app/assets/javascripts
  /Users/masonsaia/.rbenv/versions/2.5.1/lib/ruby/gems/2.5.0/gems/actionview-5.2.6/lib/assets/compiled
  /Users/masonsaia/.rbenv/versions/2.5.1/lib/ruby/gems/2.5.0/gems/turbolinks-source-5.2.0/lib/assets/javascripts
  /Users/masonsaia/Desktop/Soggyroll/node_modules:
  app/views/layouts/application.html.erb:9:in `_app_views_layouts_application_html_erb___2655433571623851901_70205046898480'

Started POST "/__better_errors/d44888117409b512/variables" for ::1 at 2021-06-02 23:51:22 -0700
Started GET "/" for ::1 at 2021-06-02 23:52:27 -0700
Processing by StaticPagesController#root as HTML
  Rendering static_pages/root.html.erb within layouts/application
  Rendered static_pages/root.html.erb within layouts/application (0.9ms)
Completed 200 OK in 298ms (Views: 285.7ms | ActiveRecord: 0.0ms)


Started GET "/" for ::1 at 2021-06-02 23:52:32 -0700
Processing by StaticPagesController#root as HTML
  Rendering static_pages/root.html.erb within layouts/application
  Rendered static_pages/root.html.erb within layouts/application (0.5ms)
Completed 200 OK in 33ms (Views: 30.0ms | ActiveRecord: 0.0ms)


Started GET "/" for ::1 at 2021-06-02 23:57:27 -0700
Processing by StaticPagesController#root as HTML
  Rendering static_pages/root.html.erb within layouts/application
  Rendered static_pages/root.html.erb within layouts/application (0.5ms)
Completed 200 OK in 239ms (Views: 231.7ms | ActiveRecord: 0.0ms)


Started GET "/" for ::1 at 2021-06-02 23:58:09 -0700
Processing by StaticPagesController#root as HTML
  Rendering static_pages/root.html.erb within layouts/application
  Rendered static_pages/root.html.erb within layouts/application (0.4ms)
Completed 200 OK in 102ms (Views: 97.4ms | ActiveRecord: 0.0ms)


Started GET "/" for ::1 at 2021-06-02 23:59:42 -0700
Processing by StaticPagesController#root as HTML
  Rendering static_pages/root.html.erb within layouts/application
  Rendered static_pages/root.html.erb within layouts/application (0.3ms)
Completed 200 OK in 149ms (Views: 136.5ms | ActiveRecord: 0.0ms)


Started GET "/" for ::1 at 2021-06-02 23:59:46 -0700
Processing by StaticPagesController#root as HTML
  Rendering static_pages/root.html.erb within layouts/application
  Rendered static_pages/root.html.erb within layouts/application (0.3ms)
Completed 200 OK in 28ms (Views: 23.1ms | ActiveRecord: 0.0ms)


Started GET "/" for ::1 at 2021-06-03 00:00:11 -0700
Processing by StaticPagesController#root as HTML
  Rendering static_pages/root.html.erb within layouts/application
  Rendered static_pages/root.html.erb within layouts/application (0.3ms)
Completed 200 OK in 127ms (Views: 120.4ms | ActiveRecord: 0.0ms)


Started GET "/" for ::1 at 2021-06-03 00:00:22 -0700
Processing by StaticPagesController#root as HTML
  Rendering static_pages/root.html.erb within layouts/application
  Rendered static_pages/root.html.erb within layouts/application (0.6ms)
Completed 200 OK in 78ms (Views: 69.0ms | ActiveRecord: 0.0ms)


Started GET "/" for ::1 at 2021-06-03 00:00:41 -0700
Processing by StaticPagesController#root as HTML
  Rendering static_pages/root.html.erb within layouts/application
  Rendered static_pages/root.html.erb within layouts/application (0.6ms)
Completed 200 OK in 82ms (Views: 73.5ms | ActiveRecord: 0.0ms)


Started GET "/" for ::1 at 2021-06-03 00:00:45 -0700
Processing by StaticPagesController#root as HTML
  Rendering static_pages/root.html.erb within layouts/application
  Rendered static_pages/root.html.erb within layouts/application (0.3ms)
Completed 200 OK in 380ms (Views: 376.4ms | ActiveRecord: 0.0ms)


Started GET "/" for ::1 at 2021-06-03 00:01:34 -0700
Processing by StaticPagesController#root as HTML
  Rendering static_pages/root.html.erb within layouts/application
  Rendered static_pages/root.html.erb within layouts/application (0.9ms)
Completed 200 OK in 383ms (Views: 375.2ms | ActiveRecord: 0.0ms)


Started GET "/" for ::1 at 2021-06-03 00:02:02 -0700
Processing by StaticPagesController#root as HTML
  Rendering static_pages/root.html.erb within layouts/application
  Rendered static_pages/root.html.erb within layouts/application (0.6ms)
Completed 200 OK in 124ms (Views: 118.3ms | ActiveRecord: 0.0ms)


Started GET "/" for ::1 at 2021-06-03 00:02:06 -0700
Processing by StaticPagesController#root as HTML
  Rendering static_pages/root.html.erb within layouts/application
  Rendered static_pages/root.html.erb within layouts/application (0.4ms)
Completed 200 OK in 27ms (Views: 21.6ms | ActiveRecord: 0.0ms)


Started GET "/" for ::1 at 2021-06-03 00:02:40 -0700
Processing by StaticPagesController#root as HTML
  Rendering static_pages/root.html.erb within layouts/application
  Rendered static_pages/root.html.erb within layouts/application (0.8ms)
Completed 200 OK in 165ms (Views: 157.2ms | ActiveRecord: 0.0ms)


Started GET "/" for ::1 at 2021-06-03 00:02:44 -0700
Processing by StaticPagesController#root as HTML
  Rendering static_pages/root.html.erb within layouts/application
  Rendered static_pages/root.html.erb within layouts/application (0.6ms)
Completed 200 OK in 37ms (Views: 31.3ms | ActiveRecord: 0.0ms)


Started GET "/" for ::1 at 2021-06-03 00:03:33 -0700
Processing by StaticPagesController#root as HTML
  Rendering static_pages/root.html.erb within layouts/application
  Rendered static_pages/root.html.erb within layouts/application (0.4ms)
Completed 200 OK in 136ms (Views: 126.5ms | ActiveRecord: 0.0ms)


Started GET "/" for ::1 at 2021-06-03 00:04:20 -0700
Processing by StaticPagesController#root as HTML
  Rendering static_pages/root.html.erb within layouts/application
  Rendered static_pages/root.html.erb within layouts/application (0.5ms)
Completed 200 OK in 114ms (Views: 108.8ms | ActiveRecord: 0.0ms)


Started GET "/" for ::1 at 2021-06-03 00:11:10 -0700
Processing by StaticPagesController#root as HTML
  Rendering static_pages/root.html.erb within layouts/application
  Rendered static_pages/root.html.erb within layouts/application (1.2ms)
Completed 200 OK in 470ms (Views: 460.2ms | ActiveRecord: 0.0ms)


Started GET "/" for ::1 at 2021-06-03 00:12:20 -0700
Processing by StaticPagesController#root as HTML
  Rendering static_pages/root.html.erb within layouts/application
  Rendered static_pages/root.html.erb within layouts/application (0.4ms)
Completed 200 OK in 30ms (Views: 27.1ms | ActiveRecord: 0.0ms)


Started GET "/" for ::1 at 2021-06-03 00:12:52 -0700
Processing by StaticPagesController#root as HTML
  Rendering static_pages/root.html.erb within layouts/application
  Rendered static_pages/root.html.erb within layouts/application (0.7ms)
Completed 200 OK in 39ms (Views: 35.8ms | ActiveRecord: 0.0ms)


Started GET "/" for ::1 at 2021-06-03 00:12:59 -0700
Processing by StaticPagesController#root as HTML
  Rendering static_pages/root.html.erb within layouts/application
  Rendered static_pages/root.html.erb within layouts/application (0.5ms)
Completed 200 OK in 45ms (Views: 41.2ms | ActiveRecord: 0.0ms)


Started GET "/" for ::1 at 2021-06-03 00:14:45 -0700
Processing by StaticPagesController#root as HTML
  Rendering static_pages/root.html.erb within layouts/application
  Rendered static_pages/root.html.erb within layouts/application (0.4ms)
Completed 200 OK in 328ms (Views: 322.5ms | ActiveRecord: 0.0ms)


Started GET "/" for ::1 at 2021-06-03 00:16:43 -0700
Processing by StaticPagesController#root as HTML
  Rendering static_pages/root.html.erb within layouts/application
  Rendered static_pages/root.html.erb within layouts/application (1.6ms)
Completed 200 OK in 374ms (Views: 362.9ms | ActiveRecord: 0.0ms)


Started GET "/" for ::1 at 2021-06-03 00:19:26 -0700
Processing by StaticPagesController#root as HTML
  Rendering static_pages/root.html.erb within layouts/application
  Rendered static_pages/root.html.erb within layouts/application (0.7ms)
Completed 200 OK in 31ms (Views: 27.9ms | ActiveRecord: 0.0ms)


Started GET "/" for ::1 at 2021-06-03 00:19:59 -0700
Processing by StaticPagesController#root as HTML
  Rendering static_pages/root.html.erb within layouts/application
  Rendered static_pages/root.html.erb within layouts/application (0.4ms)
Completed 200 OK in 30ms (Views: 26.6ms | ActiveRecord: 0.0ms)


Started GET "/" for ::1 at 2021-06-03 00:20:36 -0700
Processing by StaticPagesController#root as HTML
  Rendering static_pages/root.html.erb within layouts/application
  Rendered static_pages/root.html.erb within layouts/application (0.5ms)
Completed 200 OK in 333ms (Views: 325.7ms | ActiveRecord: 0.0ms)


Started GET "/" for ::1 at 2021-06-03 00:22:46 -0700
Processing by StaticPagesController#root as HTML
  Rendering static_pages/root.html.erb within layouts/application
  Rendered static_pages/root.html.erb within layouts/application (0.6ms)
Completed 200 OK in 356ms (Views: 349.5ms | ActiveRecord: 0.0ms)


Started GET "/" for ::1 at 2021-06-03 00:23:47 -0700
Processing by StaticPagesController#root as HTML
  Rendering static_pages/root.html.erb within layouts/application
  Rendered static_pages/root.html.erb within layouts/application (0.4ms)
Completed 200 OK in 62ms (Views: 54.6ms | ActiveRecord: 0.0ms)


Started GET "/" for ::1 at 2021-06-03 00:26:17 -0700
Processing by StaticPagesController#root as HTML
  Rendering static_pages/root.html.erb within layouts/application
  Rendered static_pages/root.html.erb within layouts/application (0.5ms)
Completed 200 OK in 57ms (Views: 49.1ms | ActiveRecord: 0.0ms)


Started GET "/" for ::1 at 2021-06-03 01:03:08 -0700
  [1m[35m (4.0ms)[0m  [1m[34mSELECT "schema_migrations"."version" FROM "schema_migrations" ORDER BY "schema_migrations"."version" ASC[0m
  ↳ /Users/masonsaia/.rbenv/versions/2.5.1/lib/ruby/gems/2.5.0/gems/activerecord-5.2.6/lib/active_record/log_subscriber.rb:98
Processing by StaticPagesController#root as HTML
  Rendering static_pages/root.html.erb within layouts/application
  Rendered static_pages/root.html.erb within layouts/application (4.4ms)
Completed 200 OK in 4140ms (Views: 4113.1ms | ActiveRecord: 0.0ms)


Started GET "/" for ::1 at 2021-06-03 01:03:16 -0700
Processing by StaticPagesController#root as HTML
  Rendering static_pages/root.html.erb within layouts/application
  Rendered static_pages/root.html.erb within layouts/application (0.6ms)
Completed 200 OK in 42ms (Views: 34.4ms | ActiveRecord: 0.0ms)


Started GET "/" for ::1 at 2021-06-03 01:06:14 -0700
Processing by StaticPagesController#root as HTML
  Rendering static_pages/root.html.erb within layouts/application
  Rendered static_pages/root.html.erb within layouts/application (0.6ms)
Completed 200 OK in 68ms (Views: 60.3ms | ActiveRecord: 0.0ms)


Started GET "/" for ::1 at 2021-06-03 01:06:28 -0700
Processing by StaticPagesController#root as HTML
  Rendering static_pages/root.html.erb within layouts/application
  Rendered static_pages/root.html.erb within layouts/application (0.4ms)
Completed 200 OK in 69ms (Views: 63.8ms | ActiveRecord: 0.0ms)


Started GET "/" for ::1 at 2021-06-03 01:06:34 -0700
Processing by StaticPagesController#root as HTML
  Rendering static_pages/root.html.erb within layouts/application
  Rendered static_pages/root.html.erb within layouts/application (0.4ms)
Completed 200 OK in 34ms (Views: 28.9ms | ActiveRecord: 0.0ms)


Started GET "/" for ::1 at 2021-06-03 01:07:08 -0700
Processing by StaticPagesController#root as HTML
  Rendering static_pages/root.html.erb within layouts/application
  Rendered static_pages/root.html.erb within layouts/application (0.4ms)
Completed 200 OK in 336ms (Views: 331.0ms | ActiveRecord: 0.0ms)


Started GET "/" for ::1 at 2021-06-03 01:09:29 -0700
Processing by StaticPagesController#root as HTML
  Rendering static_pages/root.html.erb within layouts/application
  Rendered static_pages/root.html.erb within layouts/application (0.6ms)
Completed 200 OK in 121ms (Views: 117.1ms | ActiveRecord: 0.0ms)


Started GET "/" for ::1 at 2021-06-03 01:18:54 -0700
Processing by StaticPagesController#root as HTML
  Rendering static_pages/root.html.erb within layouts/application
  Rendered static_pages/root.html.erb within layouts/application (0.6ms)
Completed 200 OK in 72ms (Views: 68.1ms | ActiveRecord: 0.0ms)


Started GET "/" for ::1 at 2021-06-03 01:20:03 -0700
Processing by StaticPagesController#root as HTML
  Rendering static_pages/root.html.erb within layouts/application
  Rendered static_pages/root.html.erb within layouts/application (0.5ms)
Completed 200 OK in 73ms (Views: 67.7ms | ActiveRecord: 0.0ms)


Started GET "/" for ::1 at 2021-06-03 01:22:18 -0700
Processing by StaticPagesController#root as HTML
  Rendering static_pages/root.html.erb within layouts/application
  Rendered static_pages/root.html.erb within layouts/application (0.4ms)
Completed 200 OK in 84ms (Views: 81.3ms | ActiveRecord: 0.0ms)


Started GET "/" for ::1 at 2021-06-03 01:56:58 -0700
Processing by StaticPagesController#root as HTML
  Rendering static_pages/root.html.erb within layouts/application
  Rendered static_pages/root.html.erb within layouts/application (1.4ms)
Completed 200 OK in 148ms (Views: 142.8ms | ActiveRecord: 0.0ms)


Started GET "/" for ::1 at 2021-06-03 01:57:05 -0700
Processing by StaticPagesController#root as HTML
  Rendering static_pages/root.html.erb within layouts/application
  Rendered static_pages/root.html.erb within layouts/application (0.7ms)
Completed 200 OK in 26ms (Views: 22.9ms | ActiveRecord: 0.0ms)


Started GET "/" for ::1 at 2021-06-03 01:57:19 -0700
Processing by StaticPagesController#root as HTML
  Rendering static_pages/root.html.erb within layouts/application
  Rendered static_pages/root.html.erb within layouts/application (0.5ms)
Completed 200 OK in 117ms (Views: 110.3ms | ActiveRecord: 0.0ms)


Started GET "/" for ::1 at 2021-06-03 01:57:40 -0700
Processing by StaticPagesController#root as HTML
  Rendering static_pages/root.html.erb within layouts/application
  Rendered static_pages/root.html.erb within layouts/application (1.2ms)
Completed 200 OK in 115ms (Views: 112.2ms | ActiveRecord: 0.0ms)


Started GET "/" for ::1 at 2021-06-03 01:57:45 -0700
Processing by StaticPagesController#root as HTML
  Rendering static_pages/root.html.erb within layouts/application
  Rendered static_pages/root.html.erb within layouts/application (0.5ms)
Completed 200 OK in 30ms (Views: 24.4ms | ActiveRecord: 0.0ms)


Started GET "/" for ::1 at 2021-06-03 01:58:16 -0700
Processing by StaticPagesController#root as HTML
  Rendering static_pages/root.html.erb within layouts/application
  Rendered static_pages/root.html.erb within layouts/application (0.6ms)
Completed 200 OK in 91ms (Views: 81.2ms | ActiveRecord: 0.0ms)


Started GET "/" for ::1 at 2021-06-03 02:02:21 -0700
Processing by StaticPagesController#root as HTML
  Rendering static_pages/root.html.erb within layouts/application
  Rendered static_pages/root.html.erb within layouts/application (0.7ms)
Completed 200 OK in 180ms (Views: 176.2ms | ActiveRecord: 0.0ms)


Started GET "/" for ::1 at 2021-06-03 02:02:25 -0700
Processing by StaticPagesController#root as HTML
  Rendering static_pages/root.html.erb within layouts/application
  Rendered static_pages/root.html.erb within layouts/application (0.5ms)
Completed 200 OK in 117ms (Views: 114.1ms | ActiveRecord: 0.0ms)


Started GET "/" for ::1 at 2021-06-03 02:02:34 -0700
Processing by StaticPagesController#root as HTML
  Rendering static_pages/root.html.erb within layouts/application
  Rendered static_pages/root.html.erb within layouts/application (0.7ms)
Completed 200 OK in 144ms (Views: 136.7ms | ActiveRecord: 0.0ms)


Started GET "/" for ::1 at 2021-06-03 02:02:59 -0700
Processing by StaticPagesController#root as HTML
  Rendering static_pages/root.html.erb within layouts/application
  Rendered static_pages/root.html.erb within layouts/application (0.7ms)
Completed 200 OK in 99ms (Views: 91.3ms | ActiveRecord: 0.0ms)


Started GET "/" for ::1 at 2021-06-03 02:03:07 -0700
Processing by StaticPagesController#root as HTML
  Rendering static_pages/root.html.erb within layouts/application
  Rendered static_pages/root.html.erb within layouts/application (0.5ms)
Completed 200 OK in 120ms (Views: 108.1ms | ActiveRecord: 0.0ms)


Started GET "/" for ::1 at 2021-06-03 02:03:24 -0700
Processing by StaticPagesController#root as HTML
  Rendering static_pages/root.html.erb within layouts/application
  Rendered static_pages/root.html.erb within layouts/application (0.4ms)
Completed 200 OK in 53ms (Views: 47.5ms | ActiveRecord: 0.0ms)


Started GET "/" for ::1 at 2021-06-03 02:04:42 -0700
Processing by StaticPagesController#root as HTML
  Rendering static_pages/root.html.erb within layouts/application
  Rendered static_pages/root.html.erb within layouts/application (0.6ms)
Completed 200 OK in 66ms (Views: 63.5ms | ActiveRecord: 0.0ms)


Started GET "/" for ::1 at 2021-06-03 02:09:54 -0700
Processing by StaticPagesController#root as HTML
  Rendering static_pages/root.html.erb within layouts/application
  Rendered static_pages/root.html.erb within layouts/application (0.5ms)
Completed 200 OK in 84ms (Views: 78.8ms | ActiveRecord: 0.0ms)


Started GET "/" for ::1 at 2021-06-03 09:06:34 -0700
Processing by StaticPagesController#root as HTML
  Rendering static_pages/root.html.erb within layouts/application
  Rendered static_pages/root.html.erb within layouts/application (1.4ms)
Completed 200 OK in 151ms (Views: 136.7ms | ActiveRecord: 0.0ms)


Started GET "/" for ::1 at 2021-06-03 09:08:51 -0700
Processing by StaticPagesController#root as HTML
  Rendering static_pages/root.html.erb within layouts/application
  Rendered static_pages/root.html.erb within layouts/application (1.0ms)
Completed 200 OK in 2287ms (Views: 2275.6ms | ActiveRecord: 0.0ms)


Started POST "/api/session" for ::1 at 2021-06-03 09:09:32 -0700
Processing by Api::SessionsController#create as JSON
  Parameters: {"user"=>{"username"=>"CoryInDaHouse", "password"=>"[FILTERED]"}}
  [1m[36mUser Load (25.7ms)[0m  [1m[34mSELECT  "users".* FROM "users" WHERE "users"."username" = $1 LIMIT $2[0m  [["username", "CoryInDaHouse"], ["LIMIT", 1]]
  ↳ app/models/user.rb:21
Completed 200 OK in 108ms (Views: 0.5ms | ActiveRecord: 50.9ms)


Started POST "/api/users" for ::1 at 2021-06-03 09:10:25 -0700

LoadError - Unable to autoload constant Api::UsersController, expected /Users/masonsaia/Desktop/Soggyroll/app/controllers/api/users_controller.rb to define it:

Started POST "/api/users" for ::1 at 2021-06-03 09:10:30 -0700

LoadError - Unable to autoload constant Api::UsersController, expected /Users/masonsaia/Desktop/Soggyroll/app/controllers/api/users_controller.rb to define it:

Started GET "/" for ::1 at 2021-06-03 09:10:46 -0700
Processing by StaticPagesController#root as HTML
  Rendering static_pages/root.html.erb within layouts/application
  Rendered static_pages/root.html.erb within layouts/application (0.6ms)
Completed 200 OK in 309ms (Views: 295.3ms | ActiveRecord: 0.0ms)


Started POST "/api/session" for ::1 at 2021-06-03 09:11:15 -0700
Processing by Api::SessionsController#create as JSON
  Parameters: {"user"=>{"username"=>"CoryInDaHouse", "password"=>"[FILTERED]"}}
  [1m[36mUser Load (4.5ms)[0m  [1m[34mSELECT  "users".* FROM "users" WHERE "users"."username" = $1 LIMIT $2[0m  [["username", "CoryInDaHouse"], ["LIMIT", 1]]
  ↳ app/models/user.rb:21
Completed 200 OK in 8ms (Views: 0.6ms | ActiveRecord: 4.5ms)


Started GET "/" for ::1 at 2021-06-03 09:11:37 -0700
Processing by StaticPagesController#root as HTML
  Rendering static_pages/root.html.erb within layouts/application
  Rendered static_pages/root.html.erb within layouts/application (0.6ms)
Completed 200 OK in 259ms (Views: 244.2ms | ActiveRecord: 0.0ms)


Started GET "/" for ::1 at 2021-06-03 09:11:57 -0700
Processing by StaticPagesController#root as HTML
  Rendering static_pages/root.html.erb within layouts/application
  Rendered static_pages/root.html.erb within layouts/application (0.7ms)
Completed 200 OK in 447ms (Views: 435.0ms | ActiveRecord: 0.0ms)


Started POST "/api/session" for ::1 at 2021-06-03 09:11:58 -0700
Processing by Api::SessionsController#create as JSON
  Parameters: {"user"=>{"username"=>"CoryInDaHouse", "password"=>"[FILTERED]"}}
  [1m[36mUser Load (0.8ms)[0m  [1m[34mSELECT  "users".* FROM "users" WHERE "users"."username" = $1 LIMIT $2[0m  [["username", "CoryInDaHouse"], ["LIMIT", 1]]
  ↳ app/models/user.rb:21
Completed 200 OK in 6ms (Views: 0.4ms | ActiveRecord: 0.8ms)


Started POST "/api/session" for ::1 at 2021-06-03 09:12:44 -0700
  [1m[35m (5.8ms)[0m  [1m[34mSELECT "schema_migrations"."version" FROM "schema_migrations" ORDER BY "schema_migrations"."version" ASC[0m
  ↳ /Users/masonsaia/.rbenv/versions/2.5.1/lib/ruby/gems/2.5.0/gems/activerecord-5.2.6/lib/active_record/log_subscriber.rb:98
Processing by Api::SessionsController#create as JSON
  Parameters: {"user"=>{"username"=>"CoryInDaHouse", "password"=>"[FILTERED]"}}
  [1m[36mUser Load (2.0ms)[0m  [1m[34mSELECT  "users".* FROM "users" WHERE "users"."username" = $1 LIMIT $2[0m  [["username", "CoryInDaHouse"], ["LIMIT", 1]]
  ↳ app/models/user.rb:21
Completed 200 OK in 28ms (Views: 0.6ms | ActiveRecord: 5.4ms)


Started POST "/api/session" for ::1 at 2021-06-03 09:13:14 -0700
Processing by Api::SessionsController#create as JSON
  Parameters: {"user"=>{"username"=>"bob", "password"=>"[FILTERED]"}}
  [1m[36mUser Load (0.8ms)[0m  [1m[34mSELECT  "users".* FROM "users" WHERE "users"."username" = $1 LIMIT $2[0m  [["username", "bob"], ["LIMIT", 1]]
  ↳ app/models/user.rb:21
Completed 200 OK in 6ms (Views: 0.5ms | ActiveRecord: 0.8ms)


Started POST "/api/session" for ::1 at 2021-06-03 09:13:24 -0700
Processing by Api::SessionsController#create as JSON
  Parameters: {"user"=>{"username"=>"bob", "password"=>"[FILTERED]"}}
  [1m[36mUser Load (0.7ms)[0m  [1m[34mSELECT  "users".* FROM "users" WHERE "users"."username" = $1 LIMIT $2[0m  [["username", "bob"], ["LIMIT", 1]]
  ↳ app/models/user.rb:21
Completed 200 OK in 3ms (Views: 0.3ms | ActiveRecord: 0.7ms)


Started POST "/api/session" for ::1 at 2021-06-03 09:13:33 -0700
Processing by Api::SessionsController#create as JSON
  Parameters: {"user"=>{"username"=>"CoryInDaHouse", "password"=>"[FILTERED]"}}
  [1m[36mUser Load (1.2ms)[0m  [1m[34mSELECT  "users".* FROM "users" WHERE "users"."username" = $1 LIMIT $2[0m  [["username", "CoryInDaHouse"], ["LIMIT", 1]]
  ↳ app/models/user.rb:21
Completed 200 OK in 5ms (Views: 0.3ms | ActiveRecord: 1.2ms)


Started GET "/" for ::1 at 2021-06-03 09:14:31 -0700
Processing by StaticPagesController#root as HTML
  Rendering static_pages/root.html.erb within layouts/application
  Rendered static_pages/root.html.erb within layouts/application (8.1ms)
Completed 200 OK in 6298ms (Views: 6288.4ms | ActiveRecord: 0.0ms)


Started POST "/api/session" for ::1 at 2021-06-03 09:14:47 -0700
Processing by Api::SessionsController#create as JSON
  Parameters: {"user"=>{"username"=>"CoryInDaHouse", "password"=>"[FILTERED]"}}
  [1m[36mUser Load (0.4ms)[0m  [1m[34mSELECT  "users".* FROM "users" WHERE "users"."username" = $1 LIMIT $2[0m  [["username", "CoryInDaHouse"], ["LIMIT", 1]]
  ↳ app/models/user.rb:21
Completed 200 OK in 2ms (Views: 0.2ms | ActiveRecord: 0.4ms)


Started POST "/api/session" for ::1 at 2021-06-03 09:15:32 -0700
Processing by Api::SessionsController#create as JSON
  Parameters: {"user"=>{"username"=>"bob", "password"=>"[FILTERED]"}}
  [1m[36mUser Load (0.6ms)[0m  [1m[34mSELECT  "users".* FROM "users" WHERE "users"."username" = $1 LIMIT $2[0m  [["username", "bob"], ["LIMIT", 1]]
  ↳ app/models/user.rb:21
Completed 200 OK in 4ms (Views: 0.4ms | ActiveRecord: 0.6ms)


